\BOOKMARK [0][-]{chapter*.4}{\376\377\000\332\000v\000o\000d}{}% 1
\BOOKMARK [0][-]{chapter.1}{\376\377\000O\000p\000i\000s\000\040\000p\000r\000o\000b\000l\000\351\000m\000u}{}% 2
\BOOKMARK [1][-]{section.1.1}{\376\377\000S\000\372\001\015\000a\000s\000n\000\375\000\040\000s\000t\000a\000v\000\040\000r\000i\000e\001\141\000e\000n\000e\000j\000\040\000p\000r\000o\000b\000l\000e\000m\000a\000t\000i\000k\000y\000.}{chapter.1}% 3
\BOOKMARK [1][-]{section.1.2}{\376\377\000F\000o\000r\000m\000u\000l\000\341\000c\000i\000a\000\040\000p\000r\000o\000b\000l\000\351\000m\000u\000.}{chapter.1}% 4
\BOOKMARK [0][-]{chapter.2}{\376\377\000C\000i\000e\001\076\000\040\000p\000r\000\341\000c\000e}{}% 5
\BOOKMARK [1][-]{section.2.1}{\376\377\000\332\000l\000o\000h\000y\000\040\000a\000g\000r\000e\000g\000\341\000t\000o\000r\000a\000\040\000f\000l\000e\000x\000i\000b\000i\000l\000i\000t\000y}{chapter.2}% 6
\BOOKMARK [0][-]{chapter.3}{\376\377\000N\000\341\000v\000r\000h\000\040\000r\000i\000e\001\141\000e\000n\000i\000a}{}% 7
\BOOKMARK [1][-]{section.3.1}{\376\377\000S\000m\000o\000o\000t\000h\000e\000d\000\040\000L\000e\000a\000s\000t\000\040\000L\000a\000x\000i\000t\000y\000\040\000F\000i\000r\000s\000t\000.}{chapter.3}% 8
\BOOKMARK [1][-]{section.3.2}{\376\377\000P\000e\000n\000a\000l\000i\000s\000e\000d\000\040\000P\000r\000e\000d\000i\000c\000t\000i\000v\000e\000\040\000C\000o\000n\000t\000r\000o\000l\000.}{chapter.3}% 9
\BOOKMARK [2][-]{subsection.3.2.1}{\376\377\000U\001\015\000e\000n\000i\000e\000\040\000a\000\040\000t\000e\000s\000t\000o\000v\000a\000n\000i\000e}{section.3.2}% 10
\BOOKMARK [0][-]{chapter.4}{\376\377\000I\000m\000p\000l\000e\000m\000e\000n\000t\000\341\000c\000i\000a}{}% 11
\BOOKMARK [1][-]{section.4.1}{\376\377\000M\000o\000d\000e\000l\000\040\000p\000r\000e\000d\000i\000c\000t\000i\000v\000e\000\040\000c\000o\000n\000t\000r\000o\000l}{chapter.4}% 12
\BOOKMARK [0][-]{chapter.5}{\376\377\000E\000x\000p\000e\000r\000i\000m\000e\000n\000t\000y}{}% 13
\BOOKMARK [1][-]{section.5.1}{\376\377\000U\000k\000\341\001\176\000k\000a\000\040\000v\000s\000t\000u\000p\000n\000\375\000c\000h\000\040\000d\000\341\000t\000\040\000A\000C\000N\000-\000D\000a\000t\000a}{chapter.5}% 14
\BOOKMARK [1][-]{section.5.2}{\376\377\000V\000y\000u\001\176\000i\000t\000\351\000\040\000t\000e\000c\000h\000n\000o\000l\000\363\000g\000i\000e}{chapter.5}% 15
\BOOKMARK [2][-]{subsection.5.2.1}{\376\377\000B\000a\000l\000\355\000k\000\040\000a\000c\000n\000p\000o\000r\000t\000a\000l\000.}{section.5.2}% 16
\BOOKMARK [2][-]{subsection.5.2.2}{\376\377\000A\000r\000c\000h\000i\000t\000e\000k\000t\000\372\000r\000a\000\040\000s\000i\000m\000u\000l\000\341\000t\000o\000r\000a\000\040\000A\000C\000N\000-\000S\000i\000m}{section.5.2}% 17
\BOOKMARK [2][-]{subsection.5.2.3}{\376\377\000B\000a\000l\000\355\000k\000\040\000a\000d\000a\000c\000h\000a\000r\000g\000e\000.}{section.5.2}% 18
\BOOKMARK [2][-]{subsection.5.2.4}{\376\377\000B\000a\000l\000\355\000k\000\040\000a\000c\000n\000p\000o\000r\000t\000a\000l\000-\000e\000x\000p\000e\000r\000i\000m\000e\000n\000t\000s\000.}{section.5.2}% 19
\BOOKMARK [2][-]{subsection.5.2.5}{\376\377\000B\000a\000l\000\355\000k\000\040\000s\000t\000a\000b\000l\000e\000-\000b\000a\000s\000e\000l\000i\000n\000e\000s\0003\000.}{section.5.2}% 20
\BOOKMARK [1][-]{section.5.3}{\376\377\000K\000o\000n\000f\000i\000g\000u\000r\000\341\000c\000i\000a\000\040\000a\000\040\000o\000b\000m\000e\000d\000z\000e\000n\000i\000a\000\040\000n\000a\000b\000\355\000j\000a\000c\000\355\000c\000h\000\040\000s\000i\000e\000t\000\355}{chapter.5}% 21
\BOOKMARK [2][-]{subsection.5.3.1}{\376\377\000T\000y\000p\000y\000\040\000n\000a\000b\000\355\000j\000a\000n\000i\000a\000.}{section.5.3}% 22
\BOOKMARK [2][-]{subsection.5.3.2}{\376\377\000I\000n\000f\000r\000a\001\141\000t\000r\000u\000k\000t\000\372\000r\000a\000\040\000n\000a\000b\000\355\000j\000a\000c\000e\000j\000\040\000s\000t\000a\000n\000i\000c\000e\000.}{section.5.3}% 23
\BOOKMARK [1][-]{section.5.4}{\376\377\000P\000r\000v\000\375\000\040\000e\000x\000p\000e\000r\000i\000m\000e\000n\000t}{chapter.5}% 24
\BOOKMARK [2][-]{subsection.5.4.1}{\376\377\000V\000s\000t\000u\000p\000n\000\351\000\040\000d\000\341\000t\000a}{section.5.4}% 25
\BOOKMARK [2][-]{subsection.5.4.2}{\376\377\000H\000\341\000r\000d\000v\000e\000r\000o\000v\000\351\000\040\000n\000a\000s\000t\000a\000v\000e\000n\000i\000a}{section.5.4}% 26
\BOOKMARK [2][-]{subsection.5.4.3}{\376\377\000V\000\375\000s\000l\000e\000d\000k\000y}{section.5.4}% 27
\BOOKMARK [1][-]{section.5.5}{\376\377\000D\000r\000u\000h\000\375\000\040\000e\000x\000p\000e\000r\000i\000m\000e\000n\000t}{chapter.5}% 28
\BOOKMARK [2][-]{subsection.5.5.1}{\376\377\000V\000s\000t\000u\000p\000n\000\351\000\040\000d\000\341\000t\000a}{section.5.5}% 29
\BOOKMARK [2][-]{subsection.5.5.2}{\376\377\000N\000a\000s\000t\000a\000v\000e\000n\000i\000a}{section.5.5}% 30
\BOOKMARK [2][-]{subsection.5.5.3}{\376\377\000V\000\375\000s\000l\000e\000d\000k\000y}{section.5.5}% 31
\BOOKMARK [1][-]{section.5.6}{\376\377\000T\000r\000e\000t\000\355\000\040\000e\000x\000p\000e\000r\000i\000m\000e\000n\000t}{chapter.5}% 32
\BOOKMARK [0][-]{chapter*.5}{\376\377\000Z\000\341\000v\000e\000r}{}% 33
\BOOKMARK [0][-]{chapter*.7}{\376\377\000P\000r\000\355\000l\000o\000h\000a\000\040\000A}{}% 34
\BOOKMARK [0][-]{chapter*.8}{\376\377\000P\000r\000\355\000l\000o\000h\000a\000\040\000B}{}% 35
